/home/jyothi/church-bench/env/local/lib/python2.7/site-packages/cryptography/hazmat/primitives/constant_time.py:26: CryptographyDeprecationWarning: Support for your Python version is deprecated. The next version of cryptography will remove support. Please upgrade to a 2.7.x release that supports hmac.compare_digest as soon as possible.
  utils.DeprecatedIn23,
/home/jyothi/church-bench/env/local/lib/python2.7/site-packages/cryptography/hazmat/primitives/constant_time.py:26: CryptographyDeprecationWarning: Support for your Python version is deprecated. The next version of cryptography will remove support. Please upgrade to a 2.7.x release that supports hmac.compare_digest as soon as possible.
  utils.DeprecatedIn23,
/home/jyothi/church-bench/env/local/lib/python2.7/site-packages/cryptography/hazmat/primitives/constant_time.py:26: CryptographyDeprecationWarning: Support for your Python version is deprecated. The next version of cryptography will remove support. Please upgrade to a 2.7.x release that supports hmac.compare_digest as soon as possible.
  utils.DeprecatedIn23,
/home/jyothi/church-bench/env/local/lib/python2.7/site-packages/cryptography/hazmat/primitives/constant_time.py:26: CryptographyDeprecationWarning: Support for your Python version is deprecated. The next version of cryptography will remove support. Please upgrade to a 2.7.x release that supports hmac.compare_digest as soon as possible.
  utils.DeprecatedIn23,
/home/jyothi/church-bench/env/local/lib/python2.7/site-packages/cryptography/hazmat/primitives/constant_time.py:26: CryptographyDeprecationWarning: Support for your Python version is deprecated. The next version of cryptography will remove support. Please upgrade to a 2.7.x release that supports hmac.compare_digest as soon as possible.
  utils.DeprecatedIn23,
/home/jyothi/church-bench/env/local/lib/python2.7/site-packages/cryptography/hazmat/primitives/constant_time.py:26: CryptographyDeprecationWarning: Support for your Python version is deprecated. The next version of cryptography will remove support. Please upgrade to a 2.7.x release that supports hmac.compare_digest as soon as possible.
  utils.DeprecatedIn23,
/home/jyothi/church-bench/env/local/lib/python2.7/site-packages/cryptography/hazmat/primitives/constant_time.py:26: CryptographyDeprecationWarning: Support for your Python version is deprecated. The next version of cryptography will remove support. Please upgrade to a 2.7.x release that supports hmac.compare_digest as soon as possible.
  utils.DeprecatedIn23,
/home/jyothi/church-bench/env/local/lib/python2.7/site-packages/cryptography/hazmat/primitives/constant_time.py:26: CryptographyDeprecationWarning: Support for your Python version is deprecated. The next version of cryptography will remove support. Please upgrade to a 2.7.x release that supports hmac.compare_digest as soon as possible.
  utils.DeprecatedIn23,
/home/jyothi/church-bench/env/local/lib/python2.7/site-packages/cryptography/hazmat/primitives/constant_time.py:26: CryptographyDeprecationWarning: Support for your Python version is deprecated. The next version of cryptography will remove support. Please upgrade to a 2.7.x release that supports hmac.compare_digest as soon as possible.
  utils.DeprecatedIn23,
/home/jyothi/church-bench/env/local/lib/python2.7/site-packages/cryptography/hazmat/primitives/constant_time.py:26: CryptographyDeprecationWarning: Support for your Python version is deprecated. The next version of cryptography will remove support. Please upgrade to a 2.7.x release that supports hmac.compare_digest as soon as possible.
  utils.DeprecatedIn23,
/home/jyothi/church-bench/env/local/lib/python2.7/site-packages/cryptography/hazmat/primitives/constant_time.py:26: CryptographyDeprecationWarning: Support for your Python version is deprecated. The next version of cryptography will remove support. Please upgrade to a 2.7.x release that supports hmac.compare_digest as soon as possible.
  utils.DeprecatedIn23,
/home/jyothi/church-bench/env/local/lib/python2.7/site-packages/cryptography/hazmat/primitives/constant_time.py:26: CryptographyDeprecationWarning: Support for your Python version is deprecated. The next version of cryptography will remove support. Please upgrade to a 2.7.x release that supports hmac.compare_digest as soon as possible.
  utils.DeprecatedIn23,
/home/jyothi/church-bench/env/local/lib/python2.7/site-packages/cryptography/hazmat/primitives/constant_time.py:26: CryptographyDeprecationWarning: Support for your Python version is deprecated. The next version of cryptography will remove support. Please upgrade to a 2.7.x release that supports hmac.compare_digest as soon as possible.
  utils.DeprecatedIn23,
/home/jyothi/church-bench/env/local/lib/python2.7/site-packages/cryptography/hazmat/primitives/constant_time.py:26: CryptographyDeprecationWarning: Support for your Python version is deprecated. The next version of cryptography will remove support. Please upgrade to a 2.7.x release that supports hmac.compare_digest as soon as possible.
  utils.DeprecatedIn23,
/home/jyothi/church-bench/env/local/lib/python2.7/site-packages/cryptography/hazmat/primitives/constant_time.py:26: CryptographyDeprecationWarning: Support for your Python version is deprecated. The next version of cryptography will remove support. Please upgrade to a 2.7.x release that supports hmac.compare_digest as soon as possible.
  utils.DeprecatedIn23,
/home/jyothi/church-bench/env/local/lib/python2.7/site-packages/cryptography/hazmat/primitives/constant_time.py:26: CryptographyDeprecationWarning: Support for your Python version is deprecated. The next version of cryptography will remove support. Please upgrade to a 2.7.x release that supports hmac.compare_digest as soon as possible.
  utils.DeprecatedIn23,
/home/jyothi/church-bench/env/local/lib/python2.7/site-packages/cryptography/hazmat/primitives/constant_time.py:26: CryptographyDeprecationWarning: Support for your Python version is deprecated. The next version of cryptography will remove support. Please upgrade to a 2.7.x release that supports hmac.compare_digest as soon as possible.
  utils.DeprecatedIn23,
/home/jyothi/church-bench/env/local/lib/python2.7/site-packages/cryptography/hazmat/primitives/constant_time.py:26: CryptographyDeprecationWarning: Support for your Python version is deprecated. The next version of cryptography will remove support. Please upgrade to a 2.7.x release that supports hmac.compare_digest as soon as possible.
  utils.DeprecatedIn23,
/home/jyothi/church-bench/env/local/lib/python2.7/site-packages/cryptography/hazmat/primitives/constant_time.py:26: CryptographyDeprecationWarning: Support for your Python version is deprecated. The next version of cryptography will remove support. Please upgrade to a 2.7.x release that supports hmac.compare_digest as soon as possible.
  utils.DeprecatedIn23,
/home/jyothi/church-bench/env/local/lib/python2.7/site-packages/cryptography/hazmat/primitives/constant_time.py:26: CryptographyDeprecationWarning: Support for your Python version is deprecated. The next version of cryptography will remove support. Please upgrade to a 2.7.x release that supports hmac.compare_digest as soon as possible.
  utils.DeprecatedIn23,
/home/jyothi/church-bench/env/local/lib/python2.7/site-packages/cryptography/hazmat/primitives/constant_time.py:26: CryptographyDeprecationWarning: Support for your Python version is deprecated. The next version of cryptography will remove support. Please upgrade to a 2.7.x release that supports hmac.compare_digest as soon as possible.
  utils.DeprecatedIn23,
/home/jyothi/church-bench/env/local/lib/python2.7/site-packages/cryptography/hazmat/primitives/constant_time.py:26: CryptographyDeprecationWarning: Support for your Python version is deprecated. The next version of cryptography will remove support. Please upgrade to a 2.7.x release that supports hmac.compare_digest as soon as possible.
  utils.DeprecatedIn23,
/home/jyothi/church-bench/env/local/lib/python2.7/site-packages/cryptography/hazmat/primitives/constant_time.py:26: CryptographyDeprecationWarning: Support for your Python version is deprecated. The next version of cryptography will remove support. Please upgrade to a 2.7.x release that supports hmac.compare_digest as soon as possible.
  utils.DeprecatedIn23,
/home/jyothi/church-bench/env/local/lib/python2.7/site-packages/cryptography/hazmat/primitives/constant_time.py:26: CryptographyDeprecationWarning: Support for your Python version is deprecated. The next version of cryptography will remove support. Please upgrade to a 2.7.x release that supports hmac.compare_digest as soon as possible.
  utils.DeprecatedIn23,
/home/jyothi/church-bench/env/local/lib/python2.7/site-packages/cryptography/hazmat/primitives/constant_time.py:26: CryptographyDeprecationWarning: Support for your Python version is deprecated. The next version of cryptography will remove support. Please upgrade to a 2.7.x release that supports hmac.compare_digest as soon as possible.
  utils.DeprecatedIn23,
/home/jyothi/church-bench/env/local/lib/python2.7/site-packages/cryptography/hazmat/primitives/constant_time.py:26: CryptographyDeprecationWarning: Support for your Python version is deprecated. The next version of cryptography will remove support. Please upgrade to a 2.7.x release that supports hmac.compare_digest as soon as possible.
  utils.DeprecatedIn23,
/home/jyothi/church-bench/env/local/lib/python2.7/site-packages/cryptography/hazmat/primitives/constant_time.py:26: CryptographyDeprecationWarning: Support for your Python version is deprecated. The next version of cryptography will remove support. Please upgrade to a 2.7.x release that supports hmac.compare_digest as soon as possible.
  utils.DeprecatedIn23,
/home/jyothi/church-bench/env/local/lib/python2.7/site-packages/cryptography/hazmat/primitives/constant_time.py:26: CryptographyDeprecationWarning: Support for your Python version is deprecated. The next version of cryptography will remove support. Please upgrade to a 2.7.x release that supports hmac.compare_digest as soon as possible.
  utils.DeprecatedIn23,
/home/jyothi/church-bench/env/local/lib/python2.7/site-packages/cryptography/hazmat/primitives/constant_time.py:26: CryptographyDeprecationWarning: Support for your Python version is deprecated. The next version of cryptography will remove support. Please upgrade to a 2.7.x release that supports hmac.compare_digest as soon as possible.
  utils.DeprecatedIn23,
/home/jyothi/church-bench/env/local/lib/python2.7/site-packages/cryptography/hazmat/primitives/constant_time.py:26: CryptographyDeprecationWarning: Support for your Python version is deprecated. The next version of cryptography will remove support. Please upgrade to a 2.7.x release that supports hmac.compare_digest as soon as possible.
  utils.DeprecatedIn23,
/home/jyothi/church-bench/env/local/lib/python2.7/site-packages/cryptography/hazmat/primitives/constant_time.py:26: CryptographyDeprecationWarning: Support for your Python version is deprecated. The next version of cryptography will remove support. Please upgrade to a 2.7.x release that supports hmac.compare_digest as soon as possible.
  utils.DeprecatedIn23,
/home/jyothi/church-bench/env/local/lib/python2.7/site-packages/cryptography/hazmat/primitives/constant_time.py:26: CryptographyDeprecationWarning: Support for your Python version is deprecated. The next version of cryptography will remove support. Please upgrade to a 2.7.x release that supports hmac.compare_digest as soon as possible.
  utils.DeprecatedIn23,
/home/jyothi/church-bench/env/local/lib/python2.7/site-packages/cryptography/hazmat/primitives/constant_time.py:26: CryptographyDeprecationWarning: Support for your Python version is deprecated. The next version of cryptography will remove support. Please upgrade to a 2.7.x release that supports hmac.compare_digest as soon as possible.
  utils.DeprecatedIn23,
/home/jyothi/church-bench/env/local/lib/python2.7/site-packages/cryptography/hazmat/primitives/constant_time.py:26: CryptographyDeprecationWarning: Support for your Python version is deprecated. The next version of cryptography will remove support. Please upgrade to a 2.7.x release that supports hmac.compare_digest as soon as possible.
  utils.DeprecatedIn23,
/home/jyothi/church-bench/env/local/lib/python2.7/site-packages/cryptography/hazmat/primitives/constant_time.py:26: CryptographyDeprecationWarning: Support for your Python version is deprecated. The next version of cryptography will remove support. Please upgrade to a 2.7.x release that supports hmac.compare_digest as soon as possible.
  utils.DeprecatedIn23,
/home/jyothi/church-bench/env/local/lib/python2.7/site-packages/cryptography/hazmat/primitives/constant_time.py:26: CryptographyDeprecationWarning: Support for your Python version is deprecated. The next version of cryptography will remove support. Please upgrade to a 2.7.x release that supports hmac.compare_digest as soon as possible.
  utils.DeprecatedIn23,
/home/jyothi/church-bench/env/local/lib/python2.7/site-packages/cryptography/hazmat/primitives/constant_time.py:26: CryptographyDeprecationWarning: Support for your Python version is deprecated. The next version of cryptography will remove support. Please upgrade to a 2.7.x release that supports hmac.compare_digest as soon as possible.
  utils.DeprecatedIn23,
/home/jyothi/church-bench/env/local/lib/python2.7/site-packages/cryptography/hazmat/primitives/constant_time.py:26: CryptographyDeprecationWarning: Support for your Python version is deprecated. The next version of cryptography will remove support. Please upgrade to a 2.7.x release that supports hmac.compare_digest as soon as possible.
  utils.DeprecatedIn23,
/home/jyothi/church-bench/env/local/lib/python2.7/site-packages/cryptography/hazmat/primitives/constant_time.py:26: CryptographyDeprecationWarning: Support for your Python version is deprecated. The next version of cryptography will remove support. Please upgrade to a 2.7.x release that supports hmac.compare_digest as soon as possible.
  utils.DeprecatedIn23,
/home/jyothi/church-bench/env/local/lib/python2.7/site-packages/cryptography/hazmat/primitives/constant_time.py:26: CryptographyDeprecationWarning: Support for your Python version is deprecated. The next version of cryptography will remove support. Please upgrade to a 2.7.x release that supports hmac.compare_digest as soon as possible.
  utils.DeprecatedIn23,
/home/jyothi/church-bench/env/local/lib/python2.7/site-packages/cryptography/hazmat/primitives/constant_time.py:26: CryptographyDeprecationWarning: Support for your Python version is deprecated. The next version of cryptography will remove support. Please upgrade to a 2.7.x release that supports hmac.compare_digest as soon as possible.
  utils.DeprecatedIn23,
/home/jyothi/church-bench/env/local/lib/python2.7/site-packages/cryptography/hazmat/primitives/constant_time.py:26: CryptographyDeprecationWarning: Support for your Python version is deprecated. The next version of cryptography will remove support. Please upgrade to a 2.7.x release that supports hmac.compare_digest as soon as possible.
  utils.DeprecatedIn23,
/home/jyothi/church-bench/env/local/lib/python2.7/site-packages/cryptography/hazmat/primitives/constant_time.py:26: CryptographyDeprecationWarning: Support for your Python version is deprecated. The next version of cryptography will remove support. Please upgrade to a 2.7.x release that supports hmac.compare_digest as soon as possible.
  utils.DeprecatedIn23,
Traceback (most recent call last):
  File "/usr/lib/python2.7/runpy.py", line 162, in _run_module_as_main
    "__main__", fname, loader, pkg_name)
  File "/usr/lib/python2.7/runpy.py", line 72, in _run_code
    exec code in run_globals
  File "/home/jyothi/church-bench/apps/frappe/frappe/utils/bench_helper.py", line 97, in <module>
    main()
  File "/home/jyothi/church-bench/apps/frappe/frappe/utils/bench_helper.py", line 18, in main
    click.Group(commands=commands)(prog_name='bench')
  File "/home/jyothi/church-bench/env/local/lib/python2.7/site-packages/click/core.py", line 764, in __call__
    return self.main(*args, **kwargs)
  File "/home/jyothi/church-bench/env/local/lib/python2.7/site-packages/click/core.py", line 717, in main
    rv = self.invoke(ctx)
  File "/home/jyothi/church-bench/env/local/lib/python2.7/site-packages/click/core.py", line 1137, in invoke
    return _process_result(sub_ctx.command.invoke(sub_ctx))
  File "/home/jyothi/church-bench/env/local/lib/python2.7/site-packages/click/core.py", line 1137, in invoke
    return _process_result(sub_ctx.command.invoke(sub_ctx))
  File "/home/jyothi/church-bench/env/local/lib/python2.7/site-packages/click/core.py", line 956, in invoke
    return ctx.invoke(self.callback, **ctx.params)
  File "/home/jyothi/church-bench/env/local/lib/python2.7/site-packages/click/core.py", line 555, in invoke
    return callback(*args, **kwargs)
  File "/home/jyothi/church-bench/env/local/lib/python2.7/site-packages/click/decorators.py", line 17, in new_func
    return f(get_current_context(), *args, **kwargs)
  File "/home/jyothi/church-bench/apps/frappe/frappe/commands/__init__.py", line 25, in _func
    ret = f(frappe._dict(ctx.obj), *args, **kwargs)
  File "/home/jyothi/church-bench/apps/frappe/frappe/commands/site.py", line 303, in backup
    odb = scheduled_backup(ignore_files=not with_files, backup_path_db=backup_path_db, backup_path_files=backup_path_files, backup_path_private_files=backup_path_private_files, force=True)
  File "/home/jyothi/church-bench/apps/frappe/frappe/utils/backups.py", line 172, in scheduled_backup
    odb = new_backup(older_than, ignore_files, backup_path_db=backup_path_db, backup_path_files=backup_path_files, force=force)
  File "/home/jyothi/church-bench/apps/frappe/frappe/utils/backups.py", line 182, in new_backup
    odb.get_backup(older_than, ignore_files, force=force)
  File "/home/jyothi/church-bench/apps/frappe/frappe/utils/backups.py", line 48, in get_backup
    self.set_backup_file_name()
  File "/home/jyothi/church-bench/apps/frappe/frappe/utils/backups.py", line 63, in set_backup_file_name
    todays_date = now_datetime().strftime('%Y%m%d_%H%M%S')
  File "/home/jyothi/church-bench/apps/frappe/frappe/utils/data.py", line 121, in now_datetime
    dt = convert_utc_to_user_timezone(datetime.datetime.utcnow())
  File "/home/jyothi/church-bench/apps/frappe/frappe/utils/data.py", line 144, in convert_utc_to_user_timezone
    return utcnow.astimezone(timezone(get_time_zone()))
  File "/home/jyothi/church-bench/apps/frappe/frappe/utils/data.py", line 138, in get_time_zone
    return frappe.cache().get_value("time_zone", _get_time_zone)
  File "/home/jyothi/church-bench/apps/frappe/frappe/utils/redis_wrapper.py", line 72, in get_value
    val = generator()
  File "/home/jyothi/church-bench/apps/frappe/frappe/utils/data.py", line 132, in _get_time_zone
    return frappe.db.get_system_setting('time_zone') or 'Asia/Kolkata' # Default to India ?!
  File "/home/jyothi/church-bench/apps/frappe/frappe/database/database.py", line 865, in get_system_setting
    return frappe.cache().get_value("system_settings", _load_system_settings).get(key)
  File "/home/jyothi/church-bench/apps/frappe/frappe/utils/redis_wrapper.py", line 72, in get_value
    val = generator()
  File "/home/jyothi/church-bench/apps/frappe/frappe/database/database.py", line 864, in _load_system_settings
    return self.get_singles_dict("System Settings")
  File "/home/jyothi/church-bench/apps/frappe/frappe/database/database.py", line 504, in get_singles_dict
    """, doctype)
  File "/home/jyothi/church-bench/apps/frappe/frappe/database/database.py", line 120, in sql
    self.connect()
  File "/home/jyothi/church-bench/apps/frappe/frappe/database/database.py", line 73, in connect
    self._conn = self.get_connection()
  File "/home/jyothi/church-bench/apps/frappe/frappe/database/mariadb/database.py", line 87, in get_connection
    local_infile = frappe.conf.local_infile)
  File "/home/jyothi/church-bench/env/local/lib/python2.7/site-packages/pymysql/__init__.py", line 94, in Connect
    return Connection(*args, **kwargs)
  File "/home/jyothi/church-bench/env/local/lib/python2.7/site-packages/pymysql/connections.py", line 325, in __init__
    self.connect()
  File "/home/jyothi/church-bench/env/local/lib/python2.7/site-packages/pymysql/connections.py", line 630, in connect
    raise exc
pymysql.err.OperationalError: (2003, "Can't connect to MySQL server on u'localhost' ([Errno 111] Connection refused)")
/home/jyothi/church-bench/env/local/lib/python2.7/site-packages/cryptography/hazmat/primitives/constant_time.py:26: CryptographyDeprecationWarning: Support for your Python version is deprecated. The next version of cryptography will remove support. Please upgrade to a 2.7.x release that supports hmac.compare_digest as soon as possible.
  utils.DeprecatedIn23,
/home/jyothi/church-bench/env/local/lib/python2.7/site-packages/cryptography/hazmat/primitives/constant_time.py:26: CryptographyDeprecationWarning: Support for your Python version is deprecated. The next version of cryptography will remove support. Please upgrade to a 2.7.x release that supports hmac.compare_digest as soon as possible.
  utils.DeprecatedIn23,
/home/jyothi/church-bench/env/local/lib/python2.7/site-packages/cryptography/hazmat/primitives/constant_time.py:26: CryptographyDeprecationWarning: Support for your Python version is deprecated. The next version of cryptography will remove support. Please upgrade to a 2.7.x release that supports hmac.compare_digest as soon as possible.
  utils.DeprecatedIn23,
/home/jyothi/church-bench/env/local/lib/python2.7/site-packages/cryptography/hazmat/primitives/constant_time.py:26: CryptographyDeprecationWarning: Support for your Python version is deprecated. The next version of cryptography will remove support. Please upgrade to a 2.7.x release that supports hmac.compare_digest as soon as possible.
  utils.DeprecatedIn23,
/home/jyothi/church-bench/env/local/lib/python2.7/site-packages/cryptography/hazmat/primitives/constant_time.py:26: CryptographyDeprecationWarning: Support for your Python version is deprecated. The next version of cryptography will remove support. Please upgrade to a 2.7.x release that supports hmac.compare_digest as soon as possible.
  utils.DeprecatedIn23,
/home/jyothi/church-bench/env/local/lib/python2.7/site-packages/cryptography/hazmat/primitives/constant_time.py:26: CryptographyDeprecationWarning: Support for your Python version is deprecated. The next version of cryptography will remove support. Please upgrade to a 2.7.x release that supports hmac.compare_digest as soon as possible.
  utils.DeprecatedIn23,
/home/jyothi/church-bench/env/local/lib/python2.7/site-packages/cryptography/hazmat/primitives/constant_time.py:26: CryptographyDeprecationWarning: Support for your Python version is deprecated. The next version of cryptography will remove support. Please upgrade to a 2.7.x release that supports hmac.compare_digest as soon as possible.
  utils.DeprecatedIn23,
/home/jyothi/church-bench/env/local/lib/python2.7/site-packages/cryptography/hazmat/primitives/constant_time.py:26: CryptographyDeprecationWarning: Support for your Python version is deprecated. The next version of cryptography will remove support. Please upgrade to a 2.7.x release that supports hmac.compare_digest as soon as possible.
  utils.DeprecatedIn23,
/home/jyothi/church-bench/env/local/lib/python2.7/site-packages/cryptography/hazmat/primitives/constant_time.py:26: CryptographyDeprecationWarning: Support for your Python version is deprecated. The next version of cryptography will remove support. Please upgrade to a 2.7.x release that supports hmac.compare_digest as soon as possible.
  utils.DeprecatedIn23,
/home/jyothi/church-bench/env/local/lib/python2.7/site-packages/cryptography/hazmat/primitives/constant_time.py:26: CryptographyDeprecationWarning: Support for your Python version is deprecated. The next version of cryptography will remove support. Please upgrade to a 2.7.x release that supports hmac.compare_digest as soon as possible.
  utils.DeprecatedIn23,
/home/jyothi/church-bench/env/local/lib/python2.7/site-packages/cryptography/hazmat/primitives/constant_time.py:26: CryptographyDeprecationWarning: Support for your Python version is deprecated. The next version of cryptography will remove support. Please upgrade to a 2.7.x release that supports hmac.compare_digest as soon as possible.
  utils.DeprecatedIn23,
